<?xml version="1.0" encoding="UTF-8"?>
<!-- Generated by org.testng.reporters.JUnitReportReporter -->
<testsuite hostname="IN-PG02NJQY" failures="0" tests="3" name="curdoperations.CreatePartialUpadteDeleteBooking" time="7.547" errors="0" timestamp="2023-08-23T15:18:46 IST" skipped="0">
  <testcase classname="curdoperations.CreatePartialUpadteDeleteBooking" name="createBooking" time="2.550"/>
  <testcase classname="curdoperations.CreatePartialUpadteDeleteBooking" name="partialUpdateBooking" time="2.444"/>
  <testcase classname="curdoperations.CreatePartialUpadteDeleteBooking" name="deleteBooking" time="2.553"/>
</testsuite> <!-- curdoperations.CreatePartialUpadteDeleteBooking -->
