<?xml version="1.0" encoding="UTF-8"?>
<!-- Generated by org.testng.reporters.JUnitReportReporter -->
<testsuite hostname="IN-PG02NJQY" failures="0" tests="3" name="curdoperations.GetBooking" time="9.317" errors="0" timestamp="2023-08-20T15:55:12 IST" skipped="0">
  <testcase classname="curdoperations.GetBooking" name="updateBooking" time="2.450"/>
  <testcase classname="curdoperations.GetBooking" name="getBooking" time="1.262"/>
  <testcase classname="curdoperations.GetBooking" name="createBooking" time="5.605"/>
</testsuite> <!-- curdoperations.GetBooking -->
