<?xml version="1.0" encoding="UTF-8"?>
<!-- Generated by org.testng.reporters.JUnitReportReporter -->
<testsuite hostname="IN-PG02NJQY" failures="0" tests="3" name="curdoperations.CreateUpdateGetBooking" time="7.853" errors="0" timestamp="2023-08-23T15:18:46 IST" skipped="0">
  <testcase classname="curdoperations.CreateUpdateGetBooking" name="createBooking" time="4.041"/>
  <testcase classname="curdoperations.CreateUpdateGetBooking" name="updateBooking" time="2.565"/>
  <testcase classname="curdoperations.CreateUpdateGetBooking" name="getBooking" time="1.247"/>
</testsuite> <!-- curdoperations.CreateUpdateGetBooking -->
