<?xml version="1.0" encoding="UTF-8"?>
<!-- Generated by org.testng.reporters.JUnitReportReporter -->
<testsuite hostname="IN-PG02NJQY" failures="0" tests="3" name="curdoperations.CreateUpdateGetBooking" time="10.312" errors="0" timestamp="2023-08-23T15:03:43 IST" skipped="0">
  <testcase classname="curdoperations.CreateUpdateGetBooking" name="createBooking" time="6.301"/>
  <testcase classname="curdoperations.CreateUpdateGetBooking" name="updateBooking" time="2.638"/>
  <testcase classname="curdoperations.CreateUpdateGetBooking" name="getBooking" time="1.373"/>
</testsuite> <!-- curdoperations.CreateUpdateGetBooking -->
